Determining if the pthread_create exist failed with the following output:
Change Dir: /home/a123/Documents/catkin_ws/src/mypaper/include/icp/CMakeFiles/CMakeTmp

Run Build Command:"/usr/bin/make" "cmTC_0c6ac/fast"
/usr/bin/make -f CMakeFiles/cmTC_0c6ac.dir/build.make CMakeFiles/cmTC_0c6ac.dir/build
make[1]: Entering directory '/home/a123/Documents/catkin_ws/src/mypaper/include/icp/CMakeFiles/CMakeTmp'
Building C object CMakeFiles/cmTC_0c6ac.dir/CheckSymbolExists.c.o
/usr/bin/cc    -o CMakeFiles/cmTC_0c6ac.dir/CheckSymbolExists.c.o   -c /home/a123/Documents/catkin_ws/src/mypaper/include/icp/CMakeFiles/CMakeTmp/CheckSymbolExists.c
Linking C executable cmTC_0c6ac
/usr/bin/cmake -E cmake_link_script CMakeFiles/cmTC_0c6ac.dir/link.txt --verbose=1
/usr/bin/cc      -rdynamic CMakeFiles/cmTC_0c6ac.dir/CheckSymbolExists.c.o  -o cmTC_0c6ac 
CMakeFiles/cmTC_0c6ac.dir/CheckSymbolExists.c.o: In function `main':
CheckSymbolExists.c:(.text+0x1b): undefined reference to `pthread_create'
collect2: error: ld returned 1 exit status
CMakeFiles/cmTC_0c6ac.dir/build.make:97: recipe for target 'cmTC_0c6ac' failed
make[1]: *** [cmTC_0c6ac] Error 1
make[1]: Leaving directory '/home/a123/Documents/catkin_ws/src/mypaper/include/icp/CMakeFiles/CMakeTmp'
Makefile:126: recipe for target 'cmTC_0c6ac/fast' failed
make: *** [cmTC_0c6ac/fast] Error 2

File /home/a123/Documents/catkin_ws/src/mypaper/include/icp/CMakeFiles/CMakeTmp/CheckSymbolExists.c:
/* */
#include <pthread.h>

int main(int argc, char** argv)
{
  (void)argv;
#ifndef pthread_create
  return ((int*)(&pthread_create))[argc];
#else
  (void)argc;
  return 0;
#endif
}

Determining if the function pthread_create exists in the pthreads failed with the following output:
Change Dir: /home/a123/Documents/catkin_ws/src/mypaper/include/icp/CMakeFiles/CMakeTmp

Run Build Command:"/usr/bin/make" "cmTC_4d02e/fast"
/usr/bin/make -f CMakeFiles/cmTC_4d02e.dir/build.make CMakeFiles/cmTC_4d02e.dir/build
make[1]: Entering directory '/home/a123/Documents/catkin_ws/src/mypaper/include/icp/CMakeFiles/CMakeTmp'
Building C object CMakeFiles/cmTC_4d02e.dir/CheckFunctionExists.c.o
/usr/bin/cc   -DCHECK_FUNCTION_EXISTS=pthread_create   -o CMakeFiles/cmTC_4d02e.dir/CheckFunctionExists.c.o   -c /usr/share/cmake-3.10/Modules/CheckFunctionExists.c
Linking C executable cmTC_4d02e
/usr/bin/cmake -E cmake_link_script CMakeFiles/cmTC_4d02e.dir/link.txt --verbose=1
/usr/bin/cc  -DCHECK_FUNCTION_EXISTS=pthread_create    -rdynamic CMakeFiles/cmTC_4d02e.dir/CheckFunctionExists.c.o  -o cmTC_4d02e -lpthreads 
/usr/bin/ld: cannot find -lpthreads
collect2: error: ld returned 1 exit status
CMakeFiles/cmTC_4d02e.dir/build.make:97: recipe for target 'cmTC_4d02e' failed
make[1]: *** [cmTC_4d02e] Error 1
make[1]: Leaving directory '/home/a123/Documents/catkin_ws/src/mypaper/include/icp/CMakeFiles/CMakeTmp'
Makefile:126: recipe for target 'cmTC_4d02e/fast' failed
make: *** [cmTC_4d02e/fast] Error 2


